Arguments: 
  /usr/local/bin/node /usr/local/bin/yarn add web3

PATH: 
  /opt/homebrew/bin:/opt/homebrew/sbin:/Applications/XAMPP/bin:/Users/david/Documents/flutter/bin:/usr/local/bin:/usr/bin:/bin:/usr/sbin:/sbin:/Library/Apple/usr/bin:/Users/david/.cargo/bin:/opt/homebrew/bin:/opt/homebrew/sbin:/Applications/XAMPP/bin:/Users/david/Documents/flutter/bin

Yarn version: 
  1.22.19

Node version: 
  18.14.2

Platform: 
  darwin arm64

Trace: 
  SyntaxError: /Users/david/work/ghdrecryptors/listener/package.json: Unexpected token } in JSON at position 175
      at JSON.parse (<anonymous>)
      at /usr/local/lib/node_modules/yarn/lib/cli.js:1629:59
      at Generator.next (<anonymous>)
      at step (/usr/local/lib/node_modules/yarn/lib/cli.js:310:30)
      at /usr/local/lib/node_modules/yarn/lib/cli.js:321:13

npm manifest: 
  {
    "name": "listener",
    "version": "1.0.0",
    "description": "",
    "main": "index.js",
    "scripts": {
      "test": "echo \"Error: no test specified\" && exit 1",
      "dev"
    },
    "keywords": [],
    "author": "",
    "license": "ISC"
  }

yarn manifest: 
  No manifest

Lockfile: 
  # THIS IS AN AUTOGENERATED FILE. DO NOT EDIT THIS FILE DIRECTLY.
  # yarn lockfile v1
  
  
  "@adraffy/ens-normalize@^1.8.8":
    version "1.9.2"
    resolved "https://registry.yarnpkg.com/@adraffy/ens-normalize/-/ens-normalize-1.9.2.tgz#60111a5d9db45b2e5cbb6231b0bb8d97e8659316"
    integrity sha512-0h+FrQDqe2Wn+IIGFkTCd4aAwTJ+7834Ek1COohCyV26AXhwQ7WQaz+4F/nLOeVl/3BtWHOHLPsq46V8YB46Eg==
  
  "@ethereumjs/rlp@^4.0.1":
    version "4.0.1"
    resolved "https://registry.yarnpkg.com/@ethereumjs/rlp/-/rlp-4.0.1.tgz#626fabfd9081baab3d0a3074b0c7ecaf674aaa41"
    integrity sha512-tqsQiBQDQdmPWE1xkkBq4rlSW5QZpLOUJ5RJh2/9fug+q9tnUhuZoVLk7s0scUIKTOzEtR72DFBXI4WiZcMpvw==
  
  "@ethersproject/abi@^5.7.0":
    version "5.7.0"
    resolved "https://registry.yarnpkg.com/@ethersproject/abi/-/abi-5.7.0.tgz#b3f3e045bbbeed1af3947335c247ad625a44e449"
    integrity sha512-351ktp42TiRcYB3H1OP8yajPeAQstMW/yCFokj/AthP9bLHzQFPlOrxOcwYEDkUAICmOHljvN4K39OMTMUa9RA==
    dependencies:
      "@ethersproject/address" "^5.7.0"
      "@ethersproject/bignumber" "^5.7.0"
      "@ethersproject/bytes" "^5.7.0"
      "@ethersproject/constants" "^5.7.0"
      "@ethersproject/hash" "^5.7.0"
      "@ethersproject/keccak256" "^5.7.0"
      "@ethersproject/logger" "^5.7.0"
      "@ethersproject/properties" "^5.7.0"
      "@ethersproject/strings" "^5.7.0"
  
  "@ethersproject/abstract-provider@^5.7.0":
    version "5.7.0"
    resolved "https://registry.yarnpkg.com/@ethersproject/abstract-provider/-/abstract-provider-5.7.0.tgz#b0a8550f88b6bf9d51f90e4795d48294630cb9ef"
    integrity sha512-R41c9UkchKCpAqStMYUpdunjo3pkEvZC3FAwZn5S5MGbXoMQOHIdHItezTETxAO5bevtMApSyEhn9+CHcDsWBw==
    dependencies:
      "@ethersproject/bignumber" "^5.7.0"
      "@ethersproject/bytes" "^5.7.0"
      "@ethersproject/logger" "^5.7.0"
      "@ethersproject/networks" "^5.7.0"
      "@ethersproject/properties" "^5.7.0"
      "@ethersproject/transactions" "^5.7.0"
      "@ethersproject/web" "^5.7.0"
  
  "@ethersproject/abstract-signer@^5.7.0":
    version "5.7.0"
    resolved "https://registry.yarnpkg.com/@ethersproject/abstract-signer/-/abstract-signer-5.7.0.tgz#13f4f32117868452191a4649723cb086d2b596b2"
    integrity sha512-a16V8bq1/Cz+TGCkE2OPMTOUDLS3grCpdjoJCYNnVBbdYEMSgKrU0+B90s8b6H+ByYTBZN7a3g76jdIJi7UfKQ==
    dependencies:
      "@ethersproject/abstract-provider" "^5.7.0"
      "@ethersproject/bignumber" "^5.7.0"
      "@ethersproject/bytes" "^5.7.0"
      "@ethersproject/logger" "^5.7.0"
      "@ethersproject/properties" "^5.7.0"
  
  "@ethersproject/address@^5.7.0":
    version "5.7.0"
    resolved "https://registry.yarnpkg.com/@ethersproject/address/-/address-5.7.0.tgz#19b56c4d74a3b0a46bfdbb6cfcc0a153fc697f37"
    integrity sha512-9wYhYt7aghVGo758POM5nqcOMaE168Q6aRLJZwUmiqSrAungkG74gSSeKEIR7ukixesdRZGPgVqme6vmxs1fkA==
    dependencies:
      "@ethersproject/bignumber" "^5.7.0"
      "@ethersproject/bytes" "^5.7.0"
      "@ethersproject/keccak256" "^5.7.0"
      "@ethersproject/logger" "^5.7.0"
      "@ethersproject/rlp" "^5.7.0"
  
  "@ethersproject/base64@^5.7.0":
    version "5.7.0"
    resolved "https://registry.yarnpkg.com/@ethersproject/base64/-/base64-5.7.0.tgz#ac4ee92aa36c1628173e221d0d01f53692059e1c"
    integrity sha512-Dr8tcHt2mEbsZr/mwTPIQAf3Ai0Bks/7gTw9dSqk1mQvhW3XvRlmDJr/4n+wg1JmCl16NZue17CDh8xb/vZ0sQ==
    dependencies:
      "@ethersproject/bytes" "^5.7.0"
  
  "@ethersproject/bignumber@^5.7.0":
    version "5.7.0"
    resolved "https://registry.yarnpkg.com/@ethersproject/bignumber/-/bignumber-5.7.0.tgz#e2f03837f268ba655ffba03a57853e18a18dc9c2"
    integrity sha512-n1CAdIHRWjSucQO3MC1zPSVgV/6dy/fjL9pMrPP9peL+QxEg9wOsVqwD4+818B6LUEtaXzVHQiuivzRoxPxUGw==
    dependencies:
      "@ethersproject/bytes" "^5.7.0"
      "@ethersproject/logger" "^5.7.0"
      bn.js "^5.2.1"
  
  "@ethersproject/bytes@^5.7.0":
    version "5.7.0"
    resolved "https://registry.yarnpkg.com/@ethersproject/bytes/-/bytes-5.7.0.tgz#a00f6ea8d7e7534d6d87f47188af1148d71f155d"
    integrity sha512-nsbxwgFXWh9NyYWo+U8atvmMsSdKJprTcICAkvbBffT75qDocbuggBU0SJiVK2MuTrp0q+xvLkTnGMPK1+uA9A==
    dependencies:
      "@ethersproject/logger" "^5.7.0"
  
  "@ethersproject/constants@^5.7.0":
    version "5.7.0"
    resolved "https://registry.yarnpkg.com/@ethersproject/constants/-/constants-5.7.0.tgz#df80a9705a7e08984161f09014ea012d1c75295e"
    integrity sha512-DHI+y5dBNvkpYUMiRQyxRBYBefZkJfo70VUkUAsRjcPs47muV9evftfZ0PJVCXYbAiCgght0DtcF9srFQmIgWA==
    dependencies:
      "@ethersproject/bignumber" "^5.7.0"
  
  "@ethersproject/hash@^5.7.0":
    version "5.7.0"
    resolved "https://registry.yarnpkg.com/@ethersproject/hash/-/hash-5.7.0.tgz#eb7aca84a588508369562e16e514b539ba5240a7"
    integrity sha512-qX5WrQfnah1EFnO5zJv1v46a8HW0+E5xuBBDTwMFZLuVTx0tbU2kkx15NqdjxecrLGatQN9FGQKpb1FKdHCt+g==
    dependencies:
      "@ethersproject/abstract-signer" "^5.7.0"
      "@ethersproject/address" "^5.7.0"
      "@ethersproject/base64" "^5.7.0"
      "@ethersproject/bignumber" "^5.7.0"
      "@ethersproject/bytes" "^5.7.0"
      "@ethersproject/keccak256" "^5.7.0"
      "@ethersproject/logger" "^5.7.0"
      "@ethersproject/properties" "^5.7.0"
      "@ethersproject/strings" "^5.7.0"
  
  "@ethersproject/keccak256@^5.7.0":
    version "5.7.0"
    resolved "https://registry.yarnpkg.com/@ethersproject/keccak256/-/keccak256-5.7.0.tgz#3186350c6e1cd6aba7940384ec7d6d9db01f335a"
    integrity sha512-2UcPboeL/iW+pSg6vZ6ydF8tCnv3Iu/8tUmLLzWWGzxWKFFqOBQFLo6uLUv6BDrLgCDfN28RJ/wtByx+jZ4KBg==
    dependencies:
      "@ethersproject/bytes" "^5.7.0"
      js-sha3 "0.8.0"
  
  "@ethersproject/logger@^5.7.0":
    version "5.7.0"
    resolved "https://registry.yarnpkg.com/@ethersproject/logger/-/logger-5.7.0.tgz#6ce9ae168e74fecf287be17062b590852c311892"
    integrity sha512-0odtFdXu/XHtjQXJYA3u9G0G8btm0ND5Cu8M7i5vhEcE8/HmF4Lbdqanwyv4uQTr2tx6b7fQRmgLrsnpQlmnig==
  
  "@ethersproject/networks@^5.7.0":
    version "5.7.1"
    resolved "https://registry.yarnpkg.com/@ethersproject/networks/-/networks-5.7.1.tgz#118e1a981d757d45ccea6bb58d9fd3d9db14ead6"
    integrity sha512-n/MufjFYv3yFcUyfhnXotyDlNdFb7onmkSy8aQERi2PjNcnWQ66xXxa3XlS8nCcA8aJKJjIIMNJTC7tu80GwpQ==
    dependencies:
      "@ethersproject/logger" "^5.7.0"
  
  "@ethersproject/properties@^5.7.0":
    version "5.7.0"
    resolved "https://registry.yarnpkg.com/@ethersproject/properties/-/properties-5.7.0.tgz#a6e12cb0439b878aaf470f1902a176033067ed30"
    integrity sha512-J87jy8suntrAkIZtecpxEPxY//szqr1mlBaYlQ0r4RCaiD2hjheqF9s1LVE8vVuJCXisjIP+JgtK/Do54ej4Sw==
    dependencies:
      "@ethersproject/logger" "^5.7.0"
  
  "@ethersproject/rlp@^5.7.0":
    version "5.7.0"
    resolved "https://registry.yarnpkg.com/@ethersproject/rlp/-/rlp-5.7.0.tgz#de39e4d5918b9d74d46de93af80b7685a9c21304"
    integrity sha512-rBxzX2vK8mVF7b0Tol44t5Tb8gomOHkj5guL+HhzQ1yBh/ydjGnpw6at+X6Iw0Kp3OzzzkcKp8N9r0W4kYSs9w==
    dependencies:
      "@ethersproject/bytes" "^5.7.0"
      "@ethersproject/logger" "^5.7.0"
  
  "@ethersproject/signing-key@^5.7.0":
    version "5.7.0"
    resolved "https://registry.yarnpkg.com/@ethersproject/signing-key/-/signing-key-5.7.0.tgz#06b2df39411b00bc57c7c09b01d1e41cf1b16ab3"
    integrity sha512-MZdy2nL3wO0u7gkB4nA/pEf8lu1TlFswPNmy8AiYkfKTdO6eXBJyUdmHO/ehm/htHw9K/qF8ujnTyUAD+Ry54Q==
    dependencies:
      "@ethersproject/bytes" "^5.7.0"
      "@ethersproject/logger" "^5.7.0"
      "@ethersproject/properties" "^5.7.0"
      bn.js "^5.2.1"
      elliptic "6.5.4"
      hash.js "1.1.7"
  
  "@ethersproject/strings@^5.7.0":
    version "5.7.0"
    resolved "https://registry.yarnpkg.com/@ethersproject/strings/-/strings-5.7.0.tgz#54c9d2a7c57ae8f1205c88a9d3a56471e14d5ed2"
    integrity sha512-/9nu+lj0YswRNSH0NXYqrh8775XNyEdUQAuf3f+SmOrnVewcJ5SBNAjF7lpgehKi4abvNNXyf+HX86czCdJ8Mg==
    dependencies:
      "@ethersproject/bytes" "^5.7.0"
      "@ethersproject/constants" "^5.7.0"
      "@ethersproject/logger" "^5.7.0"
  
  "@ethersproject/transactions@^5.7.0":
    version "5.7.0"
    resolved "https://registry.yarnpkg.com/@ethersproject/transactions/-/transactions-5.7.0.tgz#91318fc24063e057885a6af13fdb703e1f993d3b"
    integrity sha512-kmcNicCp1lp8qanMTC3RIikGgoJ80ztTyvtsFvCYpSCfkjhD0jZ2LOrnbcuxuToLIUYYf+4XwD1rP+B/erDIhQ==
    dependencies:
      "@ethersproject/address" "^5.7.0"
      "@ethersproject/bignumber" "^5.7.0"
      "@ethersproject/bytes" "^5.7.0"
      "@ethersproject/constants" "^5.7.0"
      "@ethersproject/keccak256" "^5.7.0"
      "@ethersproject/logger" "^5.7.0"
      "@ethersproject/properties" "^5.7.0"
      "@ethersproject/rlp" "^5.7.0"
      "@ethersproject/signing-key" "^5.7.0"
  
  "@ethersproject/web@^5.7.0":
    version "5.7.1"
    resolved "https://registry.yarnpkg.com/@ethersproject/web/-/web-5.7.1.tgz#de1f285b373149bee5928f4eb7bcb87ee5fbb4ae"
    integrity sha512-Gueu8lSvyjBWL4cYsWsjh6MtMwM0+H4HvqFPZfB6dV8ctbP9zFAO73VG1cMWae0FLPCtz0peKPpZY8/ugJJX2w==
    dependencies:
      "@ethersproject/base64" "^5.7.0"
      "@ethersproject/bytes" "^5.7.0"
      "@ethersproject/logger" "^5.7.0"
      "@ethersproject/properties" "^5.7.0"
      "@ethersproject/strings" "^5.7.0"
  
  "@noble/curves@1.0.0", "@noble/curves@~1.0.0":
    version "1.0.0"
    resolved "https://registry.yarnpkg.com/@noble/curves/-/curves-1.0.0.tgz#e40be8c7daf088aaf291887cbc73f43464a92932"
    integrity sha512-2upgEu0iLiDVDZkNLeFV2+ht0BAVgQnEmCk6JsOch9Rp8xfkMCbvbAZlA2pBHQc73dbl+vFOXfqkf4uemdn0bw==
    dependencies:
      "@noble/hashes" "1.3.0"
  
  "@noble/hashes@1.3.0":
    version "1.3.0"
    resolved "https://registry.yarnpkg.com/@noble/hashes/-/hashes-1.3.0.tgz#085fd70f6d7d9d109671090ccae1d3bec62554a1"
    integrity sha512-ilHEACi9DwqJB0pw7kv+Apvh50jiiSyR/cQ3y4W7lOR5mhvn/50FLUfsnfJz0BDZtl/RR16kXvptiv6q1msYZg==
  
  "@noble/hashes@~1.3.0":
    version "1.3.1"
    resolved "https://registry.yarnpkg.com/@noble/hashes/-/hashes-1.3.1.tgz#8831ef002114670c603c458ab8b11328406953a9"
    integrity sha512-EbqwksQwz9xDRGfDST86whPBgM65E0OH/pCgqW0GBVzO22bNE+NuIbeTb714+IfSjU3aRk47EUvXIb5bTsenKA==
  
  "@scure/base@~1.1.0":
    version "1.1.1"
    resolved "https://registry.yarnpkg.com/@scure/base/-/base-1.1.1.tgz#ebb651ee52ff84f420097055f4bf46cfba403938"
    integrity sha512-ZxOhsSyxYwLJj3pLZCefNitxsj093tb2vq90mp2txoYeBqbcjDjqFhyM8eUjq/uFm6zJ+mUuqxlS2FkuSY1MTA==
  
  "@scure/bip32@1.3.0":
    version "1.3.0"
    resolved "https://registry.yarnpkg.com/@scure/bip32/-/bip32-1.3.0.tgz#6c8d980ef3f290987736acd0ee2e0f0d50068d87"
    integrity sha512-bcKpo1oj54hGholplGLpqPHRbIsnbixFtc06nwuNM5/dwSXOq/AAYoIBRsBmnZJSdfeNW5rnff7NTAz3ZCqR9Q==
    dependencies:
      "@noble/curves" "~1.0.0"
      "@noble/hashes" "~1.3.0"
      "@scure/base" "~1.1.0"
  
  "@scure/bip39@1.2.0":
    version "1.2.0"
    resolved "https://registry.yarnpkg.com/@scure/bip39/-/bip39-1.2.0.tgz#a207e2ef96de354de7d0002292ba1503538fc77b"
    integrity sha512-SX/uKq52cuxm4YFXWFaVByaSHJh2w3BnokVSeUJVCv6K7WulT9u2BuNRBhuFl8vAuYnzx9bEu9WgpcNYTrYieg==
    dependencies:
      "@noble/hashes" "~1.3.0"
      "@scure/base" "~1.1.0"
  
  available-typed-arrays@^1.0.5:
    version "1.0.5"
    resolved "https://registry.yarnpkg.com/available-typed-arrays/-/available-typed-arrays-1.0.5.tgz#92f95616501069d07d10edb2fc37d3e1c65123b7"
    integrity sha512-DMD0KiN46eipeziST1LPP/STfDU0sufISXmjSgvVsoU2tqxctQeASejWcfNtxYKqETM1UxQ8sp2OrSBWpHY6sw==
  
  bn.js@^4.11.9:
    version "4.12.0"
    resolved "https://registry.yarnpkg.com/bn.js/-/bn.js-4.12.0.tgz#775b3f278efbb9718eec7361f483fb36fbbfea88"
    integrity sha512-c98Bf3tPniI+scsdk237ku1Dc3ujXQTSgyiPUDEOe7tRkhrqridvh8klBv0HCEso1OLOYcHuCv/cS6DNxKH+ZA==
  
  bn.js@^5.2.1:
    version "5.2.1"
    resolved "https://registry.yarnpkg.com/bn.js/-/bn.js-5.2.1.tgz#0bc527a6a0d18d0aa8d5b0538ce4a77dccfa7b70"
    integrity sha512-eXRvHzWyYPBuB4NBy0cmYQjGitUrtqwbvlzP3G6VFnNRbsZQIxQ10PbKKHt8gZ/HW/D/747aDl+QkDqg3KQLMQ==
  
  brorand@^1.1.0:
    version "1.1.0"
    resolved "https://registry.yarnpkg.com/brorand/-/brorand-1.1.0.tgz#12c25efe40a45e3c323eb8675a0a0ce57b22371f"
    integrity sha512-cKV8tMCEpQs4hK/ik71d6LrPOnpkpGBR0wzxqr68g2m/LB2GxVYQroAjMJZRVM1Y4BCjCKc3vAamxSzOY2RP+w==
  
  call-bind@^1.0.2:
    version "1.0.2"
    resolved "https://registry.yarnpkg.com/call-bind/-/call-bind-1.0.2.tgz#b1d4e89e688119c3c9a903ad30abb2f6a919be3c"
    integrity sha512-7O+FbCihrB5WGbFYesctwmTKae6rOiIzmz1icreWJ+0aA7LJfuqhEso2T9ncpcFtzMQtzXf2QGGueWJGTYsqrA==
    dependencies:
      function-bind "^1.1.1"
      get-intrinsic "^1.0.2"
  
  crc-32@^1.2.2:
    version "1.2.2"
    resolved "https://registry.yarnpkg.com/crc-32/-/crc-32-1.2.2.tgz#3cad35a934b8bf71f25ca524b6da51fb7eace2ff"
    integrity sha512-ROmzCKrTnOwybPcJApAA6WBWij23HVfGVNKqqrZpuyZOHqK2CwHSvpGuyt/UNNvaIjEd8X5IFGp4Mh+Ie1IHJQ==
  
  cross-fetch@^3.1.5:
    version "3.1.6"
    resolved "https://registry.yarnpkg.com/cross-fetch/-/cross-fetch-3.1.6.tgz#bae05aa31a4da760969756318feeee6e70f15d6c"
    integrity sha512-riRvo06crlE8HiqOwIpQhxwdOk4fOeR7FVM/wXoxchFEqMNUjvbs3bfo4OTgMEMHzppd4DxFBDbyySj8Cv781g==
    dependencies:
      node-fetch "^2.6.11"
  
  elliptic@6.5.4:
    version "6.5.4"
    resolved "https://registry.yarnpkg.com/elliptic/-/elliptic-6.5.4.tgz#da37cebd31e79a1367e941b592ed1fbebd58abbb"
    integrity sha512-iLhC6ULemrljPZb+QutR5TQGB+pdW6KGD5RSegS+8sorOZT+rdQFbsQFJgvN3eRqNALqJer4oQ16YvJHlU8hzQ==
    dependencies:
      bn.js "^4.11.9"
      brorand "^1.1.0"
      hash.js "^1.0.0"
      hmac-drbg "^1.0.1"
      inherits "^2.0.4"
      minimalistic-assert "^1.0.1"
      minimalistic-crypto-utils "^1.0.1"
  
  ethereum-cryptography@^2.0.0:
    version "2.0.0"
    resolved "https://registry.yarnpkg.com/ethereum-cryptography/-/ethereum-cryptography-2.0.0.tgz#e052b49fa81affae29402e977b8d3a31f88612b6"
    integrity sha512-g25m4EtfQGjstWgVE1aIz7XYYjf3kH5kG17ULWVB5dH6uLahsoltOhACzSxyDV+fhn4gbR4xRrOXGe6r2uh4Bg==
    dependencies:
      "@noble/curves" "1.0.0"
      "@noble/hashes" "1.3.0"
      "@scure/bip32" "1.3.0"
      "@scure/bip39" "1.2.0"
  
  for-each@^0.3.3:
    version "0.3.3"
    resolved "https://registry.yarnpkg.com/for-each/-/for-each-0.3.3.tgz#69b447e88a0a5d32c3e7084f3f1710034b21376e"
    integrity sha512-jqYfLp7mo9vIyQf8ykW2v7A+2N4QjeCeI5+Dz9XraiO1ign81wjiH7Fb9vSOWvQfNtmSa4H2RoQTrrXivdUZmw==
    dependencies:
      is-callable "^1.1.3"
  
  function-bind@^1.1.1:
    version "1.1.1"
    resolved "https://registry.yarnpkg.com/function-bind/-/function-bind-1.1.1.tgz#a56899d3ea3c9bab874bb9773b7c5ede92f4895d"
    integrity sha512-yIovAzMX49sF8Yl58fSCWJ5svSLuaibPxXQJFLmBObTuCr0Mf1KiPopGM9NiFjiYBCbfaa2Fh6breQ6ANVTI0A==
  
  generate-function@^2.0.0:
    version "2.3.1"
    resolved "https://registry.yarnpkg.com/generate-function/-/generate-function-2.3.1.tgz#f069617690c10c868e73b8465746764f97c3479f"
    integrity sha512-eeB5GfMNeevm/GRYq20ShmsaGcmI81kIX2K9XQx5miC8KdHaC6Jm0qQ8ZNeGOi7wYB8OsdxKs+Y2oVuTFuVwKQ==
    dependencies:
      is-property "^1.0.2"
  
  generate-object-property@^1.1.0:
    version "1.2.0"
    resolved "https://registry.yarnpkg.com/generate-object-property/-/generate-object-property-1.2.0.tgz#9c0e1c40308ce804f4783618b937fa88f99d50d0"
    integrity sha512-TuOwZWgJ2VAMEGJvAyPWvpqxSANF0LDpmyHauMjFYzaACvn+QTT/AZomvPCzVBV7yDN3OmwHQ5OvHaeLKre3JQ==
    dependencies:
      is-property "^1.0.0"
  
  get-intrinsic@^1.0.2, get-intrinsic@^1.1.3:
    version "1.2.1"
    resolved "https://registry.yarnpkg.com/get-intrinsic/-/get-intrinsic-1.2.1.tgz#d295644fed4505fc9cde952c37ee12b477a83d82"
    integrity sha512-2DcsyfABl+gVHEfCOaTrWgyt+tb6MSEGmKq+kI5HwLbIYgjgmMcV8KQ41uaKz1xxUcn9tJtgFbQUEVcEbd0FYw==
    dependencies:
      function-bind "^1.1.1"
      has "^1.0.3"
      has-proto "^1.0.1"
      has-symbols "^1.0.3"
  
  gopd@^1.0.1:
    version "1.0.1"
    resolved "https://registry.yarnpkg.com/gopd/-/gopd-1.0.1.tgz#29ff76de69dac7489b7c0918a5788e56477c332c"
    integrity sha512-d65bNlIadxvpb/A2abVdlqKqV563juRnZ1Wtk6s1sIR8uNsXR70xqIzVqxVf1eTqDunwT2MkczEeaezCKTZhwA==
    dependencies:
      get-intrinsic "^1.1.3"
  
  has-proto@^1.0.1:
    version "1.0.1"
    resolved "https://registry.yarnpkg.com/has-proto/-/has-proto-1.0.1.tgz#1885c1305538958aff469fef37937c22795408e0"
    integrity sha512-7qE+iP+O+bgF9clE5+UoBFzE65mlBiVj3tKCrlNQ0Ogwm0BjpT/gK4SlLYDMybDh5I3TCTKnPPa0oMG7JDYrhg==
  
  has-symbols@^1.0.2, has-symbols@^1.0.3:
    version "1.0.3"
    resolved "https://registry.yarnpkg.com/has-symbols/-/has-symbols-1.0.3.tgz#bb7b2c4349251dce87b125f7bdf874aa7c8b39f8"
    integrity sha512-l3LCuF6MgDNwTDKkdYGEihYjt5pRPbEg46rtlmnSPlUbgmB8LOIrKJbYYFBSbnPaJexMKtiPO8hmeRjRz2Td+A==
  
  has-tostringtag@^1.0.0:
    version "1.0.0"
    resolved "https://registry.yarnpkg.com/has-tostringtag/-/has-tostringtag-1.0.0.tgz#7e133818a7d394734f941e73c3d3f9291e658b25"
    integrity sha512-kFjcSNhnlGV1kyoGk7OXKSawH5JOb/LzUc5w9B02hOTO0dfFRjbHQKvg1d6cf3HbeUmtU9VbbV3qzZ2Teh97WQ==
    dependencies:
      has-symbols "^1.0.2"
  
  has@^1.0.3:
    version "1.0.3"
    resolved "https://registry.yarnpkg.com/has/-/has-1.0.3.tgz#722d7cbfc1f6aa8241f16dd814e011e1f41e8796"
    integrity sha512-f2dvO0VU6Oej7RkWJGrehjbzMAjFp5/VKPp5tTpWIV4JHHZK1/BxbFRtf/siA2SWTe09caDmVtYYzWEIbBS4zw==
    dependencies:
      function-bind "^1.1.1"
  
  hash.js@1.1.7, hash.js@^1.0.0, hash.js@^1.0.3:
    version "1.1.7"
    resolved "https://registry.yarnpkg.com/hash.js/-/hash.js-1.1.7.tgz#0babca538e8d4ee4a0f8988d68866537a003cf42"
    integrity sha512-taOaskGt4z4SOANNseOviYDvjEJinIkRgmp7LbKP2YTTmVxWBl87s/uzK9r+44BclBSp2X7K1hqeNfz9JbBeXA==
    dependencies:
      inherits "^2.0.3"
      minimalistic-assert "^1.0.1"
  
  hmac-drbg@^1.0.1:
    version "1.0.1"
    resolved "https://registry.yarnpkg.com/hmac-drbg/-/hmac-drbg-1.0.1.tgz#d2745701025a6c775a6c545793ed502fc0c649a1"
    integrity sha512-Tti3gMqLdZfhOQY1Mzf/AanLiqh1WTiJgEj26ZuYQ9fbkLomzGchCws4FyrSd4VkpBfiNhaE1On+lOz894jvXg==
    dependencies:
      hash.js "^1.0.3"
      minimalistic-assert "^1.0.0"
      minimalistic-crypto-utils "^1.0.1"
  
  inherits@^2.0.3, inherits@^2.0.4:
    version "2.0.4"
    resolved "https://registry.yarnpkg.com/inherits/-/inherits-2.0.4.tgz#0fa2c64f932917c3433a0ded55363aae37416b7c"
    integrity sha512-k/vGaX4/Yla3WzyMCvTQOXYeIHvqOKtnqBduzTHpzpQZzAskKMhZ2K+EnBiSM9zGSoIFeMpXKxa4dYeZIQqewQ==
  
  is-arguments@^1.0.4:
    version "1.1.1"
    resolved "https://registry.yarnpkg.com/is-arguments/-/is-arguments-1.1.1.tgz#15b3f88fda01f2a97fec84ca761a560f123efa9b"
    integrity sha512-8Q7EARjzEnKpt/PCD7e1cgUS0a6X8u5tdSiMqXhojOdoV9TsMsiO+9VLC5vAmO8N7/GmXn7yjR8qnA6bVAEzfA==
    dependencies:
      call-bind "^1.0.2"
      has-tostringtag "^1.0.0"
  
  is-callable@^1.1.3:
    version "1.2.7"
    resolved "https://registry.yarnpkg.com/is-callable/-/is-callable-1.2.7.tgz#3bc2a85ea742d9e36205dcacdd72ca1fdc51b055"
    integrity sha512-1BC0BVFhS/p0qtw6enp8e+8OD0UrK0oFLztSjNzhcKA3WDuJxxAPXzPuPtKkjEY9UUoEWlX/8fgKeu2S8i9JTA==
  
  is-generator-function@^1.0.7:
    version "1.0.10"
    resolved "https://registry.yarnpkg.com/is-generator-function/-/is-generator-function-1.0.10.tgz#f1558baf1ac17e0deea7c0415c438351ff2b3c72"
    integrity sha512-jsEjy9l3yiXEQ+PsXdmBwEPcOxaXWLspKdplFUVI9vq1iZgIekeC0L167qeu86czQaxed3q/Uzuw0swL0irL8A==
    dependencies:
      has-tostringtag "^1.0.0"
  
  is-my-ip-valid@^1.0.0:
    version "1.0.1"
    resolved "https://registry.yarnpkg.com/is-my-ip-valid/-/is-my-ip-valid-1.0.1.tgz#f7220d1146257c98672e6fba097a9f3f2d348442"
    integrity sha512-jxc8cBcOWbNK2i2aTkCZP6i7wkHF1bqKFrwEHuN5Jtg5BSaZHUZQ/JTOJwoV41YvHnOaRyWWh72T/KvfNz9DJg==
  
  is-my-json-valid@^2.20.6:
    version "2.20.6"
    resolved "https://registry.yarnpkg.com/is-my-json-valid/-/is-my-json-valid-2.20.6.tgz#a9d89e56a36493c77bda1440d69ae0dc46a08387"
    integrity sha512-1JQwulVNjx8UqkPE/bqDaxtH4PXCe/2VRh/y3p99heOV87HG4Id5/VfDswd+YiAfHcRTfDlWgISycnHuhZq1aw==
    dependencies:
      generate-function "^2.0.0"
      generate-object-property "^1.1.0"
      is-my-ip-valid "^1.0.0"
      jsonpointer "^5.0.0"
      xtend "^4.0.0"
  
  is-property@^1.0.0, is-property@^1.0.2:
    version "1.0.2"
    resolved "https://registry.yarnpkg.com/is-property/-/is-property-1.0.2.tgz#57fe1c4e48474edd65b09911f26b1cd4095dda84"
    integrity sha512-Ks/IoX00TtClbGQr4TWXemAnktAQvYB7HzcCxDGqEZU6oCmb2INHuOoKxbtR+HFkmYWBKv/dOZtGRiAjDhj92g==
  
  is-typed-array@^1.1.10, is-typed-array@^1.1.3:
    version "1.1.10"
    resolved "https://registry.yarnpkg.com/is-typed-array/-/is-typed-array-1.1.10.tgz#36a5b5cb4189b575d1a3e4b08536bfb485801e3f"
    integrity sha512-PJqgEHiWZvMpaFZ3uTc8kHPM4+4ADTlDniuQL7cU/UDA0Ql7F70yGfHph3cLNe+c9toaigv+DFzTJKhc2CtO6A==
    dependencies:
      available-typed-arrays "^1.0.5"
      call-bind "^1.0.2"
      for-each "^0.3.3"
      gopd "^1.0.1"
      has-tostringtag "^1.0.0"
  
  isomorphic-ws@^5.0.0:
    version "5.0.0"
    resolved "https://registry.yarnpkg.com/isomorphic-ws/-/isomorphic-ws-5.0.0.tgz#e5529148912ecb9b451b46ed44d53dae1ce04bbf"
    integrity sha512-muId7Zzn9ywDsyXgTIafTry2sV3nySZeUDe6YedVd1Hvuuep5AsIlqK+XefWpYTyJG5e503F2xIuT2lcU6rCSw==
  
  js-sha3@0.8.0:
    version "0.8.0"
    resolved "https://registry.yarnpkg.com/js-sha3/-/js-sha3-0.8.0.tgz#b9b7a5da73afad7dedd0f8c463954cbde6818840"
    integrity sha512-gF1cRrHhIzNfToc802P800N8PpXS+evLLXfsVpowqmAFR9uwbi89WvXg2QspOmXL8QL86J4T1EpFu+yUkwJY3Q==
  
  jsonpointer@^5.0.0:
    version "5.0.1"
    resolved "https://registry.yarnpkg.com/jsonpointer/-/jsonpointer-5.0.1.tgz#2110e0af0900fd37467b5907ecd13a7884a1b559"
    integrity sha512-p/nXbhSEcu3pZRdkW1OfJhpsVtW1gd4Wa1fnQc9YLiTfAjn0312eMKimbdIQzuZl9aa9xUGaRlP9T/CJE/ditQ==
  
  minimalistic-assert@^1.0.0, minimalistic-assert@^1.0.1:
    version "1.0.1"
    resolved "https://registry.yarnpkg.com/minimalistic-assert/-/minimalistic-assert-1.0.1.tgz#2e194de044626d4a10e7f7fbc00ce73e83e4d5c7"
    integrity sha512-UtJcAD4yEaGtjPezWuO9wC4nwUnVH/8/Im3yEHQP4b67cXlD/Qr9hdITCU1xDbSEXg2XKNaP8jsReV7vQd00/A==
  
  minimalistic-crypto-utils@^1.0.1:
    version "1.0.1"
    resolved "https://registry.yarnpkg.com/minimalistic-crypto-utils/-/minimalistic-crypto-utils-1.0.1.tgz#f6c00c1c0b082246e5c4d99dfb8c7c083b2b582a"
    integrity sha512-JIYlbt6g8i5jKfJ3xz7rF0LXmv2TkDxBLUkiBeZ7bAx4GnnNMr8xFpGnOxn6GhTEHx3SjRrZEoU+j04prX1ktg==
  
  node-fetch@^2.6.11:
    version "2.6.11"
    resolved "https://registry.yarnpkg.com/node-fetch/-/node-fetch-2.6.11.tgz#cde7fc71deef3131ef80a738919f999e6edfff25"
    integrity sha512-4I6pdBY1EthSqDmJkiNk3JIT8cswwR9nfeW/cPdUagJYEQG7R95WRH74wpz7ma8Gh/9dI9FP+OU+0E4FvtA55w==
    dependencies:
      whatwg-url "^5.0.0"
  
  setimmediate@^1.0.5:
    version "1.0.5"
    resolved "https://registry.yarnpkg.com/setimmediate/-/setimmediate-1.0.5.tgz#290cbb232e306942d7d7ea9b83732ab7856f8285"
    integrity sha512-MATJdZp8sLqDl/68LfQmbP8zKPLQNV6BIZoIgrscFDQ+RsvK/BxeDQOgyxKKoh0y/8h3BqVFnCqQ/gd+reiIXA==
  
  tr46@~0.0.3:
    version "0.0.3"
    resolved "https://registry.yarnpkg.com/tr46/-/tr46-0.0.3.tgz#8184fd347dac9cdc185992f3a6622e14b9d9ab6a"
    integrity sha512-N3WMsuqV66lT30CrXNbEjx4GEwlow3v6rr4mCcv6prnfwhS01rkgyFdjPNBYd9br7LpXV1+Emh01fHnq2Gdgrw==
  
  util@^0.12.5:
    version "0.12.5"
    resolved "https://registry.yarnpkg.com/util/-/util-0.12.5.tgz#5f17a6059b73db61a875668781a1c2b136bd6fbc"
    integrity sha512-kZf/K6hEIrWHI6XqOFUiiMa+79wE/D8Q+NCNAWclkyg3b4d2k7s0QGepNjiABc+aR3N1PAyHL7p6UcLY6LmrnA==
    dependencies:
      inherits "^2.0.3"
      is-arguments "^1.0.4"
      is-generator-function "^1.0.7"
      is-typed-array "^1.1.3"
      which-typed-array "^1.1.2"
  
  web3-core@^4.0.1:
    version "4.0.1"
    resolved "https://registry.yarnpkg.com/web3-core/-/web3-core-4.0.1.tgz#81bfafe3546e62560bd9ee35a62af667419f2c71"
    integrity sha512-yGd9FuUhSeLXeSmj+S5YBNdBJfQgBsGGN+uqFRvQKGrKbOp7SXRVNxwTL/JKCLJW2rulcw0JrPD8Ope0A1YvZA==
    dependencies:
      web3-errors "^1.0.0"
      web3-eth-iban "^4.0.1"
      web3-providers-http "^4.0.1"
      web3-providers-ws "^4.0.1"
      web3-types "^1.0.0"
      web3-utils "^4.0.1"
      web3-validator "^1.0.0"
    optionalDependencies:
      web3-providers-ipc "^4.0.1"
  
  web3-errors@^1.0.0:
    version "1.0.0"
    resolved "https://registry.yarnpkg.com/web3-errors/-/web3-errors-1.0.0.tgz#c0464d19b8330ec2098b755f8c18330c4ec345e5"
    integrity sha512-UadVmAm7FrWfIglZEbyKxEEeVp4p7SMrx1q1SNbX4Cngmsenth96oH+4GSSFLyDASGyWr/yDSDU2alEUTf0yug==
    dependencies:
      web3-types "^1.0.0"
  
  web3-eth-abi@^4.0.1:
    version "4.0.1"
    resolved "https://registry.yarnpkg.com/web3-eth-abi/-/web3-eth-abi-4.0.1.tgz#75464fb092b61276f1429d464eb5da4cebdeb474"
    integrity sha512-l4vS3oxec8A5bO5ognCQQY+ZonPolw77roNVnFdqkmf3MQpUHHovxCn1kFD+eeiT3DpeSt6GbVT9Zt6koA/LHw==
    dependencies:
      "@ethersproject/abi" "^5.7.0"
      "@ethersproject/bignumber" "^5.7.0"
      web3-errors "^1.0.0"
      web3-types "^1.0.0"
      web3-utils "^4.0.1"
  
  web3-eth-accounts@^4.0.1:
    version "4.0.1"
    resolved "https://registry.yarnpkg.com/web3-eth-accounts/-/web3-eth-accounts-4.0.1.tgz#4eb226a3a43768758e614b71c39661ef819dc18e"
    integrity sha512-4SyowjO930H8/Rz6jspYaW2jCbEpqPYKDU/W2WFOHl7KiJ0edoO3mVsupCGAJQCbDG77ijSwMszHj8pA5KhB+A==
    dependencies:
      "@ethereumjs/rlp" "^4.0.1"
      crc-32 "^1.2.2"
      ethereum-cryptography "^2.0.0"
      web3-errors "^1.0.0"
      web3-types "^1.0.0"
      web3-utils "^4.0.1"
      web3-validator "^1.0.0"
  
  web3-eth-contract@^4.0.1:
    version "4.0.1"
    resolved "https://registry.yarnpkg.com/web3-eth-contract/-/web3-eth-contract-4.0.1.tgz#7d753e550ecc97f42a8dcba0d24365d3b17e95e0"
    integrity sha512-uVVb1ZZre/kwZIDFJBu7y2LdW5BZO3HJwQKhdqLmnyPTLWTnyKE8Mq2pX5eUZzpoSqXlJCoh0GeAQnIblXYsAw==
    dependencies:
      web3-core "^4.0.1"
      web3-errors "^1.0.0"
      web3-eth "^4.0.1"
      web3-eth-abi "^4.0.1"
      web3-types "^1.0.0"
      web3-utils "^4.0.1"
      web3-validator "^1.0.0"
  
  web3-eth-ens@^4.0.1:
    version "4.0.1"
    resolved "https://registry.yarnpkg.com/web3-eth-ens/-/web3-eth-ens-4.0.1.tgz#eb89736d4b17360610bc2cddc978ddd359ba2e75"
    integrity sha512-AIPNKs5EyY+w9grIaDkaOxApilBT8Gi7RxJfrVGjR9UnGbHRiH3QX//Y7ZEEkFrhKnZMZ2uim81gyTHP4ujYmg==
    dependencies:
      "@adraffy/ens-normalize" "^1.8.8"
      web3-core "^4.0.1"
      web3-errors "^1.0.0"
      web3-eth "^4.0.1"
      web3-eth-contract "^4.0.1"
      web3-net "^4.0.1"
      web3-types "^1.0.0"
      web3-utils "^4.0.1"
      web3-validator "^1.0.0"
  
  web3-eth-iban@^4.0.1:
    version "4.0.1"
    resolved "https://registry.yarnpkg.com/web3-eth-iban/-/web3-eth-iban-4.0.1.tgz#8271607b3ca0f4b7062456d7f13b0b2eb2de95dc"
    integrity sha512-SSwbB2+8+IlF97zk6wwdDv2rPAoIfXAsjLKBCRy6abf4lLFX3M1s80ZLCXISeB3DR72MvO4iqA5/hHlUu9Jlcg==
    dependencies:
      web3-errors "^1.0.0"
      web3-types "^1.0.0"
      web3-utils "^4.0.1"
      web3-validator "^1.0.0"
  
  web3-eth-personal@^4.0.1:
    version "4.0.1"
    resolved "https://registry.yarnpkg.com/web3-eth-personal/-/web3-eth-personal-4.0.1.tgz#44056345f90ad340048789b2274bbaa7b600c660"
    integrity sha512-fv/PiUYNtQhjYanHJ+veT5xp7+l+HUGk2/vklGxwl9ntrzvgdYJ7Z87WXI+dqzYAljyuunsjEVP4N5QPED5n7g==
    dependencies:
      web3-core "^4.0.1"
      web3-eth "^4.0.1"
      web3-rpc-methods "^1.0.0"
      web3-types "^1.0.0"
      web3-utils "^4.0.1"
      web3-validator "^1.0.0"
  
  web3-eth@^4.0.1:
    version "4.0.1"
    resolved "https://registry.yarnpkg.com/web3-eth/-/web3-eth-4.0.1.tgz#ce94a7ecf0e5879fb7b8d3623960355fbc50a9e1"
    integrity sha512-5Tm6uusfZlWDby1zc8unoHtph5wpLoBgnRvtkzB3ZCwnQKL4KU2kqO/y4sUTSVrTM30y/CmZagTW9PKyRAt0UA==
    dependencies:
      setimmediate "^1.0.5"
      web3-core "^4.0.1"
      web3-errors "^1.0.0"
      web3-eth-abi "^4.0.1"
      web3-eth-accounts "^4.0.1"
      web3-net "^4.0.1"
      web3-providers-ws "^4.0.1"
      web3-rpc-methods "^1.0.0"
      web3-types "^1.0.0"
      web3-utils "^4.0.1"
      web3-validator "^1.0.0"
  
  web3-net@^4.0.1:
    version "4.0.1"
    resolved "https://registry.yarnpkg.com/web3-net/-/web3-net-4.0.1.tgz#263014e2712e12301da3614f8bd5fbfea6d83ba7"
    integrity sha512-Fa4NyGyjx/aZwNxdFg1tSkZAQKyEYxfGOFjmsPCzfOC2zaFExv06UPgDEU+aOiY28cs+kTcx5mhjBKn9PLRraw==
    dependencies:
      web3-core "^4.0.1"
      web3-rpc-methods "^1.0.0"
      web3-types "^1.0.0"
      web3-utils "^4.0.1"
  
  web3-providers-http@^4.0.1:
    version "4.0.1"
    resolved "https://registry.yarnpkg.com/web3-providers-http/-/web3-providers-http-4.0.1.tgz#a5fd9743176e07326792e52064e089aa18840abe"
    integrity sha512-scdCB7bmUkZon3nxtP1LRByt16wiaksZtFOwk/sFrVHMbjYjqMvY5asWF+omTgawM20Ga22ESrV2l5FFsQodqA==
    dependencies:
      cross-fetch "^3.1.5"
      web3-errors "^1.0.0"
      web3-types "^1.0.0"
      web3-utils "^4.0.1"
  
  web3-providers-ipc@^4.0.1:
    version "4.0.1"
    resolved "https://registry.yarnpkg.com/web3-providers-ipc/-/web3-providers-ipc-4.0.1.tgz#ea95af4caed2253d237cf67de28fff3fffc27fb3"
    integrity sha512-F93UU9LyY5XIC3pHd2Ah3FO6lAbfkPoPUa9yYHgZhwWteZkeo8mDThDYg90QUBvP7qt22vyVpwVNXpw6Hs/QMg==
    dependencies:
      web3-errors "^1.0.0"
      web3-types "^1.0.0"
      web3-utils "^4.0.1"
  
  web3-providers-ws@^4.0.1:
    version "4.0.1"
    resolved "https://registry.yarnpkg.com/web3-providers-ws/-/web3-providers-ws-4.0.1.tgz#813f3e2f65e68e0ab55cde1693ab5f8326c34f14"
    integrity sha512-TkNLyCkdZ7bBURbSv4+/AP6K4WjS24vuNFbJSyBDgJfmCQxi2/3hX/l+XT/AqkHj7c8amm4yuOZ6JnIkwIlzaw==
    dependencies:
      isomorphic-ws "^5.0.0"
      web3-errors "^1.0.0"
      web3-types "^1.0.0"
      web3-utils "^4.0.1"
      ws "^8.8.1"
  
  web3-rpc-methods@^1.0.0:
    version "1.0.0"
    resolved "https://registry.yarnpkg.com/web3-rpc-methods/-/web3-rpc-methods-1.0.0.tgz#d570d10d0f65fea43f8dd3c116792f272d70a077"
    integrity sha512-s3awsumvzz0pHxPi3oZxA9IK0Ei1lfZnNqkZ9AMhJjKpIXcPuUhUjYxiAsL1Q9pEcn5vGOLfq1RHNUdXrhNOrQ==
    dependencies:
      web3-core "^4.0.1"
      web3-types "^1.0.0"
      web3-validator "^1.0.0"
  
  web3-types@^1.0.0:
    version "1.0.0"
    resolved "https://registry.yarnpkg.com/web3-types/-/web3-types-1.0.0.tgz#086dddd9696f137620f6a5054dec7c154cccbc5e"
    integrity sha512-X6MwXgaZmSCEmqwLnUYVVDn5N3G8RlKStizyy+yOK7qP2VHflM8Pk9ja3VifIXmT1cHgdfLKNBapwAict1X+IA==
  
  web3-utils@^4.0.1:
    version "4.0.1"
    resolved "https://registry.yarnpkg.com/web3-utils/-/web3-utils-4.0.1.tgz#c743d408ce8c307191961e881b72a020360b9011"
    integrity sha512-q5Pys++MarxUtN/OWrtv7l2kpNBJdDbV13/doO7A2W8I+TqigakKEJQtKiyAIbfnifrIZqyT7+/zzCfPS/sLnw==
    dependencies:
      ethereum-cryptography "^2.0.0"
      web3-errors "^1.0.0"
      web3-types "^1.0.0"
      web3-validator "^1.0.0"
  
  web3-validator@^1.0.0:
    version "1.0.0"
    resolved "https://registry.yarnpkg.com/web3-validator/-/web3-validator-1.0.0.tgz#65860fd735b77c20927f53c2a0a0bb5776460585"
    integrity sha512-WShojVeF7hcaPGzO9vgZukqxd6NWL5A9sIv5uhZzK0mGPvPvc0wqSdKeiwby0cFDH09AW2Q1Qz6knKhXDe7CzA==
    dependencies:
      ethereum-cryptography "^2.0.0"
      is-my-json-valid "^2.20.6"
      util "^0.12.5"
      web3-errors "^1.0.0"
      web3-types "^1.0.0"
  
  web3@^4.0.1:
    version "4.0.1"
    resolved "https://registry.yarnpkg.com/web3/-/web3-4.0.1.tgz#3b9a7978b1ae4568b535626ebdbfefd9cb07c23f"
    integrity sha512-IVxPbRy3A+RYB2+NYReNPLDXvE2iamTTvx1oNjM4UdbhNt/KQujQusOaRfSpGqfIKBCIYrim1c5LSCFcKlfQhA==
    dependencies:
      web3-core "^4.0.1"
      web3-errors "^1.0.0"
      web3-eth "^4.0.1"
      web3-eth-abi "^4.0.1"
      web3-eth-accounts "^4.0.1"
      web3-eth-contract "^4.0.1"
      web3-eth-ens "^4.0.1"
      web3-eth-iban "^4.0.1"
      web3-eth-personal "^4.0.1"
      web3-net "^4.0.1"
      web3-providers-http "^4.0.1"
      web3-providers-ws "^4.0.1"
      web3-rpc-methods "^1.0.0"
      web3-types "^1.0.0"
      web3-utils "^4.0.1"
      web3-validator "^1.0.0"
  
  webidl-conversions@^3.0.0:
    version "3.0.1"
    resolved "https://registry.yarnpkg.com/webidl-conversions/-/webidl-conversions-3.0.1.tgz#24534275e2a7bc6be7bc86611cc16ae0a5654871"
    integrity sha512-2JAn3z8AR6rjK8Sm8orRC0h/bcl/DqL7tRPdGZ4I1CjdF+EaMLmYxBHyXuKL849eucPFhvBoxMsflfOb8kxaeQ==
  
  whatwg-url@^5.0.0:
    version "5.0.0"
    resolved "https://registry.yarnpkg.com/whatwg-url/-/whatwg-url-5.0.0.tgz#966454e8765462e37644d3626f6742ce8b70965d"
    integrity sha512-saE57nupxk6v3HY35+jzBwYa0rKSy0XR8JSxZPwgLr7ys0IBzhGviA1/TUGJLmSVqs8pb9AnvICXEuOHLprYTw==
    dependencies:
      tr46 "~0.0.3"
      webidl-conversions "^3.0.0"
  
  which-typed-array@^1.1.2:
    version "1.1.9"
    resolved "https://registry.yarnpkg.com/which-typed-array/-/which-typed-array-1.1.9.tgz#307cf898025848cf995e795e8423c7f337efbde6"
    integrity sha512-w9c4xkx6mPidwp7180ckYWfMmvxpjlZuIudNtDf4N/tTAUB8VJbX25qZoAsrtGuYNnGw3pa0AXgbGKRB8/EceA==
    dependencies:
      available-typed-arrays "^1.0.5"
      call-bind "^1.0.2"
      for-each "^0.3.3"
      gopd "^1.0.1"
      has-tostringtag "^1.0.0"
      is-typed-array "^1.1.10"
  
  ws@^8.8.1:
    version "8.13.0"
    resolved "https://registry.yarnpkg.com/ws/-/ws-8.13.0.tgz#9a9fb92f93cf41512a0735c8f4dd09b8a1211cd0"
    integrity sha512-x9vcZYTrFPC7aSIbj7sRCYo7L/Xb8Iy+pW0ng0wt2vCJv7M9HOMy0UoN3rr+IFC7hb7vXoqS+P9ktyLLLhO+LA==
  
  xtend@^4.0.0:
    version "4.0.2"
    resolved "https://registry.yarnpkg.com/xtend/-/xtend-4.0.2.tgz#bb72779f5fa465186b1f438f674fa347fdb5db54"
    integrity sha512-LKYU1iAXJXUgAXn9URjiu+MWhyUXHsvfp7mcuYm9dSUKK0/CjtrUwFAxD82/mCWbtLsGjFIad0wIsod4zrTAEQ==
